17:29:54 **** Incremental Build of configuration Debug for project VL53l1x-Test ****
make -j11 all 
arm-none-eabi-gcc "../Drivers/STM32F1xx_HAL_Driver/Src/stm32f1xx_hal.c" -mcpu=cortex-m3 -std=gnu11 -g3 -DDEBUG -DUSE_HAL_DRIVER -DSTM32F103xB -c -I../Core/Inc -I../Drivers/STM32F1xx_HAL_Driver/Inc/Legacy -I../Drivers/STM32F1xx_HAL_Driver/Inc -I../Drivers/CMSIS/Device/ST/STM32F1xx/Include -I../Drivers/CMSIS/Include -I"/Users/changdennis/Drive/Engineering/Projects/Robot-Sumo/Software/Tests/VL53l1x-Test/Drivers/BSP" -I"/Users/changdennis/Drive/Engineering/Projects/Robot-Sumo/Software/Tests/VL53l1x-Test/Core" -I"/Users/changdennis/Drive/Engineering/Projects/Robot-Sumo/Software/Tests/VL53l1x-Test/Drivers/BSP/Components/vl53l1x_uld" -O0 -ffunction-sections -fdata-sections -Wall -fstack-usage -MMD -MP -MF"Drivers/STM32F1xx_HAL_Driver/Src/stm32f1xx_hal.d" -MT"Drivers/STM32F1xx_HAL_Driver/Src/stm32f1xx_hal.o" --specs=nano.specs -mfloat-abi=soft -mthumb -o "Drivers/STM32F1xx_HAL_Driver/Src/stm32f1xx_hal.o"
arm-none-eabi-gcc "../Drivers/STM32F1xx_HAL_Driver/Src/stm32f1xx_hal_cortex.c" -mcpu=cortex-m3 -std=gnu11 -g3 -DDEBUG -DUSE_HAL_DRIVER -DSTM32F103xB -c -I../Core/Inc -I../Drivers/STM32F1xx_HAL_Driver/Inc/Legacy -I../Drivers/STM32F1xx_HAL_Driver/Inc -I../Drivers/CMSIS/Device/ST/STM32F1xx/Include -I../Drivers/CMSIS/Include -I"/Users/changdennis/Drive/Engineering/Projects/Robot-Sumo/Software/Tests/VL53l1x-Test/Drivers/BSP" -I"/Users/changdennis/Drive/Engineering/Projects/Robot-Sumo/Software/Tests/VL53l1x-Test/Core" -I"/Users/changdennis/Drive/Engineering/Projects/Robot-Sumo/Software/Tests/VL53l1x-Test/Drivers/BSP/Components/vl53l1x_uld" -O0 -ffunction-sections -fdata-sections -Wall -fstack-usage -MMD -MP -MF"Drivers/STM32F1xx_HAL_Driver/Src/stm32f1xx_hal_cortex.d" -MT"Drivers/STM32F1xx_HAL_Driver/Src/stm32f1xx_hal_cortex.o" --specs=nano.specs -mfloat-abi=soft -mthumb -o "Drivers/STM32F1xx_HAL_Driver/Src/stm32f1xx_hal_cortex.o"
arm-none-eabi-gcc "../Drivers/STM32F1xx_HAL_Driver/Src/stm32f1xx_hal_dma.c" -mcpu=cortex-m3 -std=gnu11 -g3 -DDEBUG -DUSE_HAL_DRIVER -DSTM32F103xB -c -I../Core/Inc -I../Drivers/STM32F1xx_HAL_Driver/Inc/Legacy -I../Drivers/STM32F1xx_HAL_Driver/Inc -I../Drivers/CMSIS/Device/ST/STM32F1xx/Include -I../Drivers/CMSIS/Include -I"/Users/changdennis/Drive/Engineering/Projects/Robot-Sumo/Software/Tests/VL53l1x-Test/Drivers/BSP" -I"/Users/changdennis/Drive/Engineering/Projects/Robot-Sumo/Software/Tests/VL53l1x-Test/Core" -I"/Users/changdennis/Drive/Engineering/Projects/Robot-Sumo/Software/Tests/VL53l1x-Test/Drivers/BSP/Components/vl53l1x_uld" -O0 -ffunction-sections -fdata-sections -Wall -fstack-usage -MMD -MP -MF"Drivers/STM32F1xx_HAL_Driver/Src/stm32f1xx_hal_dma.d" -MT"Drivers/STM32F1xx_HAL_Driver/Src/stm32f1xx_hal_dma.o" --specs=nano.specs -mfloat-abi=soft -mthumb -o "Drivers/STM32F1xx_HAL_Driver/Src/stm32f1xx_hal_dma.o"
arm-none-eabi-gcc "../Drivers/STM32F1xx_HAL_Driver/Src/stm32f1xx_hal_exti.c" -mcpu=cortex-m3 -std=gnu11 -g3 -DDEBUG -DUSE_HAL_DRIVER -DSTM32F103xB -c -I../Core/Inc -I../Drivers/STM32F1xx_HAL_Driver/Inc/Legacy -I../Drivers/STM32F1xx_HAL_Driver/Inc -I../Drivers/CMSIS/Device/ST/STM32F1xx/Include -I../Drivers/CMSIS/Include -I"/Users/changdennis/Drive/Engineering/Projects/Robot-Sumo/Software/Tests/VL53l1x-Test/Drivers/BSP" -I"/Users/changdennis/Drive/Engineering/Projects/Robot-Sumo/Software/Tests/VL53l1x-Test/Core" -I"/Users/changdennis/Drive/Engineering/Projects/Robot-Sumo/Software/Tests/VL53l1x-Test/Drivers/BSP/Components/vl53l1x_uld" -O0 -ffunction-sections -fdata-sections -Wall -fstack-usage -MMD -MP -MF"Drivers/STM32F1xx_HAL_Driver/Src/stm32f1xx_hal_exti.d" -MT"Drivers/STM32F1xx_HAL_Driver/Src/stm32f1xx_hal_exti.o" --specs=nano.specs -mfloat-abi=soft -mthumb -o "Drivers/STM32F1xx_HAL_Driver/Src/stm32f1xx_hal_exti.o"
arm-none-eabi-gcc "../Drivers/STM32F1xx_HAL_Driver/Src/stm32f1xx_hal_flash.c" -mcpu=cortex-m3 -std=gnu11 -g3 -DDEBUG -DUSE_HAL_DRIVER -DSTM32F103xB -c -I../Core/Inc -I../Drivers/STM32F1xx_HAL_Driver/Inc/Legacy -I../Drivers/STM32F1xx_HAL_Driver/Inc -I../Drivers/CMSIS/Device/ST/STM32F1xx/Include -I../Drivers/CMSIS/Include -I"/Users/changdennis/Drive/Engineering/Projects/Robot-Sumo/Software/Tests/VL53l1x-Test/Drivers/BSP" -I"/Users/changdennis/Drive/Engineering/Projects/Robot-Sumo/Software/Tests/VL53l1x-Test/Core" -I"/Users/changdennis/Drive/Engineering/Projects/Robot-Sumo/Software/Tests/VL53l1x-Test/Drivers/BSP/Components/vl53l1x_uld" -O0 -ffunction-sections -fdata-sections -Wall -fstack-usage -MMD -MP -MF"Drivers/STM32F1xx_HAL_Driver/Src/stm32f1xx_hal_flash.d" -MT"Drivers/STM32F1xx_HAL_Driver/Src/stm32f1xx_hal_flash.o" --specs=nano.specs -mfloat-abi=soft -mthumb -o "Drivers/STM32F1xx_HAL_Driver/Src/stm32f1xx_hal_flash.o"
arm-none-eabi-gcc "../Drivers/STM32F1xx_HAL_Driver/Src/stm32f1xx_hal_flash_ex.c" -mcpu=cortex-m3 -std=gnu11 -g3 -DDEBUG -DUSE_HAL_DRIVER -DSTM32F103xB -c -I../Core/Inc -I../Drivers/STM32F1xx_HAL_Driver/Inc/Legacy -I../Drivers/STM32F1xx_HAL_Driver/Inc -I../Drivers/CMSIS/Device/ST/STM32F1xx/Include -I../Drivers/CMSIS/Include -I"/Users/changdennis/Drive/Engineering/Projects/Robot-Sumo/Software/Tests/VL53l1x-Test/Drivers/BSP" -I"/Users/changdennis/Drive/Engineering/Projects/Robot-Sumo/Software/Tests/VL53l1x-Test/Core" -I"/Users/changdennis/Drive/Engineering/Projects/Robot-Sumo/Software/Tests/VL53l1x-Test/Drivers/BSP/Components/vl53l1x_uld" -O0 -ffunction-sections -fdata-sections -Wall -fstack-usage -MMD -MP -MF"Drivers/STM32F1xx_HAL_Driver/Src/stm32f1xx_hal_flash_ex.d" -MT"Drivers/STM32F1xx_HAL_Driver/Src/stm32f1xx_hal_flash_ex.o" --specs=nano.specs -mfloat-abi=soft -mthumb -o "Drivers/STM32F1xx_HAL_Driver/Src/stm32f1xx_hal_flash_ex.o"
arm-none-eabi-gcc "../Drivers/STM32F1xx_HAL_Driver/Src/stm32f1xx_hal_gpio.c" -mcpu=cortex-m3 -std=gnu11 -g3 -DDEBUG -DUSE_HAL_DRIVER -DSTM32F103xB -c -I../Core/Inc -I../Drivers/STM32F1xx_HAL_Driver/Inc/Legacy -I../Drivers/STM32F1xx_HAL_Driver/Inc -I../Drivers/CMSIS/Device/ST/STM32F1xx/Include -I../Drivers/CMSIS/Include -I"/Users/changdennis/Drive/Engineering/Projects/Robot-Sumo/Software/Tests/VL53l1x-Test/Drivers/BSP" -I"/Users/changdennis/Drive/Engineering/Projects/Robot-Sumo/Software/Tests/VL53l1x-Test/Core" -I"/Users/changdennis/Drive/Engineering/Projects/Robot-Sumo/Software/Tests/VL53l1x-Test/Drivers/BSP/Components/vl53l1x_uld" -O0 -ffunction-sections -fdata-sections -Wall -fstack-usage -MMD -MP -MF"Drivers/STM32F1xx_HAL_Driver/Src/stm32f1xx_hal_gpio.d" -MT"Drivers/STM32F1xx_HAL_Driver/Src/stm32f1xx_hal_gpio.o" --specs=nano.specs -mfloat-abi=soft -mthumb -o "Drivers/STM32F1xx_HAL_Driver/Src/stm32f1xx_hal_gpio.o"
arm-none-eabi-gcc "../Drivers/STM32F1xx_HAL_Driver/Src/stm32f1xx_hal_gpio_ex.c" -mcpu=cortex-m3 -std=gnu11 -g3 -DDEBUG -DUSE_HAL_DRIVER -DSTM32F103xB -c -I../Core/Inc -I../Drivers/STM32F1xx_HAL_Driver/Inc/Legacy -I../Drivers/STM32F1xx_HAL_Driver/Inc -I../Drivers/CMSIS/Device/ST/STM32F1xx/Include -I../Drivers/CMSIS/Include -I"/Users/changdennis/Drive/Engineering/Projects/Robot-Sumo/Software/Tests/VL53l1x-Test/Drivers/BSP" -I"/Users/changdennis/Drive/Engineering/Projects/Robot-Sumo/Software/Tests/VL53l1x-Test/Core" -I"/Users/changdennis/Drive/Engineering/Projects/Robot-Sumo/Software/Tests/VL53l1x-Test/Drivers/BSP/Components/vl53l1x_uld" -O0 -ffunction-sections -fdata-sections -Wall -fstack-usage -MMD -MP -MF"Drivers/STM32F1xx_HAL_Driver/Src/stm32f1xx_hal_gpio_ex.d" -MT"Drivers/STM32F1xx_HAL_Driver/Src/stm32f1xx_hal_gpio_ex.o" --specs=nano.specs -mfloat-abi=soft -mthumb -o "Drivers/STM32F1xx_HAL_Driver/Src/stm32f1xx_hal_gpio_ex.o"
arm-none-eabi-gcc "../Drivers/STM32F1xx_HAL_Driver/Src/stm32f1xx_hal_i2c.c" -mcpu=cortex-m3 -std=gnu11 -g3 -DDEBUG -DUSE_HAL_DRIVER -DSTM32F103xB -c -I../Core/Inc -I../Drivers/STM32F1xx_HAL_Driver/Inc/Legacy -I../Drivers/STM32F1xx_HAL_Driver/Inc -I../Drivers/CMSIS/Device/ST/STM32F1xx/Include -I../Drivers/CMSIS/Include -I"/Users/changdennis/Drive/Engineering/Projects/Robot-Sumo/Software/Tests/VL53l1x-Test/Drivers/BSP" -I"/Users/changdennis/Drive/Engineering/Projects/Robot-Sumo/Software/Tests/VL53l1x-Test/Core" -I"/Users/changdennis/Drive/Engineering/Projects/Robot-Sumo/Software/Tests/VL53l1x-Test/Drivers/BSP/Components/vl53l1x_uld" -O0 -ffunction-sections -fdata-sections -Wall -fstack-usage -MMD -MP -MF"Drivers/STM32F1xx_HAL_Driver/Src/stm32f1xx_hal_i2c.d" -MT"Drivers/STM32F1xx_HAL_Driver/Src/stm32f1xx_hal_i2c.o" --specs=nano.specs -mfloat-abi=soft -mthumb -o "Drivers/STM32F1xx_HAL_Driver/Src/stm32f1xx_hal_i2c.o"
arm-none-eabi-gcc "../Drivers/STM32F1xx_HAL_Driver/Src/stm32f1xx_hal_pwr.c" -mcpu=cortex-m3 -std=gnu11 -g3 -DDEBUG -DUSE_HAL_DRIVER -DSTM32F103xB -c -I../Core/Inc -I../Drivers/STM32F1xx_HAL_Driver/Inc/Legacy -I../Drivers/STM32F1xx_HAL_Driver/Inc -I../Drivers/CMSIS/Device/ST/STM32F1xx/Include -I../Drivers/CMSIS/Include -I"/Users/changdennis/Drive/Engineering/Projects/Robot-Sumo/Software/Tests/VL53l1x-Test/Drivers/BSP" -I"/Users/changdennis/Drive/Engineering/Projects/Robot-Sumo/Software/Tests/VL53l1x-Test/Core" -I"/Users/changdennis/Drive/Engineering/Projects/Robot-Sumo/Software/Tests/VL53l1x-Test/Drivers/BSP/Components/vl53l1x_uld" -O0 -ffunction-sections -fdata-sections -Wall -fstack-usage -MMD -MP -MF"Drivers/STM32F1xx_HAL_Driver/Src/stm32f1xx_hal_pwr.d" -MT"Drivers/STM32F1xx_HAL_Driver/Src/stm32f1xx_hal_pwr.o" --specs=nano.specs -mfloat-abi=soft -mthumb -o "Drivers/STM32F1xx_HAL_Driver/Src/stm32f1xx_hal_pwr.o"
arm-none-eabi-gcc "../Drivers/STM32F1xx_HAL_Driver/Src/stm32f1xx_hal_rcc.c" -mcpu=cortex-m3 -std=gnu11 -g3 -DDEBUG -DUSE_HAL_DRIVER -DSTM32F103xB -c -I../Core/Inc -I../Drivers/STM32F1xx_HAL_Driver/Inc/Legacy -I../Drivers/STM32F1xx_HAL_Driver/Inc -I../Drivers/CMSIS/Device/ST/STM32F1xx/Include -I../Drivers/CMSIS/Include -I"/Users/changdennis/Drive/Engineering/Projects/Robot-Sumo/Software/Tests/VL53l1x-Test/Drivers/BSP" -I"/Users/changdennis/Drive/Engineering/Projects/Robot-Sumo/Software/Tests/VL53l1x-Test/Core" -I"/Users/changdennis/Drive/Engineering/Projects/Robot-Sumo/Software/Tests/VL53l1x-Test/Drivers/BSP/Components/vl53l1x_uld" -O0 -ffunction-sections -fdata-sections -Wall -fstack-usage -MMD -MP -MF"Drivers/STM32F1xx_HAL_Driver/Src/stm32f1xx_hal_rcc.d" -MT"Drivers/STM32F1xx_HAL_Driver/Src/stm32f1xx_hal_rcc.o" --specs=nano.specs -mfloat-abi=soft -mthumb -o "Drivers/STM32F1xx_HAL_Driver/Src/stm32f1xx_hal_rcc.o"
arm-none-eabi-gcc "../Drivers/STM32F1xx_HAL_Driver/Src/stm32f1xx_hal_rcc_ex.c" -mcpu=cortex-m3 -std=gnu11 -g3 -DDEBUG -DUSE_HAL_DRIVER -DSTM32F103xB -c -I../Core/Inc -I../Drivers/STM32F1xx_HAL_Driver/Inc/Legacy -I../Drivers/STM32F1xx_HAL_Driver/Inc -I../Drivers/CMSIS/Device/ST/STM32F1xx/Include -I../Drivers/CMSIS/Include -I"/Users/changdennis/Drive/Engineering/Projects/Robot-Sumo/Software/Tests/VL53l1x-Test/Drivers/BSP" -I"/Users/changdennis/Drive/Engineering/Projects/Robot-Sumo/Software/Tests/VL53l1x-Test/Core" -I"/Users/changdennis/Drive/Engineering/Projects/Robot-Sumo/Software/Tests/VL53l1x-Test/Drivers/BSP/Components/vl53l1x_uld" -O0 -ffunction-sections -fdata-sections -Wall -fstack-usage -MMD -MP -MF"Drivers/STM32F1xx_HAL_Driver/Src/stm32f1xx_hal_rcc_ex.d" -MT"Drivers/STM32F1xx_HAL_Driver/Src/stm32f1xx_hal_rcc_ex.o" --specs=nano.specs -mfloat-abi=soft -mthumb -o "Drivers/STM32F1xx_HAL_Driver/Src/stm32f1xx_hal_rcc_ex.o"
arm-none-eabi-gcc "../Drivers/STM32F1xx_HAL_Driver/Src/stm32f1xx_hal_uart.c" -mcpu=cortex-m3 -std=gnu11 -g3 -DDEBUG -DUSE_HAL_DRIVER -DSTM32F103xB -c -I../Core/Inc -I../Drivers/STM32F1xx_HAL_Driver/Inc/Legacy -I../Drivers/STM32F1xx_HAL_Driver/Inc -I../Drivers/CMSIS/Device/ST/STM32F1xx/Include -I../Drivers/CMSIS/Include -I"/Users/changdennis/Drive/Engineering/Projects/Robot-Sumo/Software/Tests/VL53l1x-Test/Drivers/BSP" -I"/Users/changdennis/Drive/Engineering/Projects/Robot-Sumo/Software/Tests/VL53l1x-Test/Core" -I"/Users/changdennis/Drive/Engineering/Projects/Robot-Sumo/Software/Tests/VL53l1x-Test/Drivers/BSP/Components/vl53l1x_uld" -O0 -ffunction-sections -fdata-sections -Wall -fstack-usage -MMD -MP -MF"Drivers/STM32F1xx_HAL_Driver/Src/stm32f1xx_hal_uart.d" -MT"Drivers/STM32F1xx_HAL_Driver/Src/stm32f1xx_hal_uart.o" --specs=nano.specs -mfloat-abi=soft -mthumb -o "Drivers/STM32F1xx_HAL_Driver/Src/stm32f1xx_hal_uart.o"
arm-none-eabi-gcc "../Drivers/BSP/Components/vl53l1x_uld/VL53L1X_api.c" -mcpu=cortex-m3 -std=gnu11 -g3 -DDEBUG -DUSE_HAL_DRIVER -DSTM32F103xB -c -I../Core/Inc -I../Drivers/STM32F1xx_HAL_Driver/Inc/Legacy -I../Drivers/STM32F1xx_HAL_Driver/Inc -I../Drivers/CMSIS/Device/ST/STM32F1xx/Include -I../Drivers/CMSIS/Include -I"/Users/changdennis/Drive/Engineering/Projects/Robot-Sumo/Software/Tests/VL53l1x-Test/Drivers/BSP" -I"/Users/changdennis/Drive/Engineering/Projects/Robot-Sumo/Software/Tests/VL53l1x-Test/Core" -I"/Users/changdennis/Drive/Engineering/Projects/Robot-Sumo/Software/Tests/VL53l1x-Test/Drivers/BSP/Components/vl53l1x_uld" -O0 -ffunction-sections -fdata-sections -Wall -fstack-usage -MMD -MP -MF"Drivers/BSP/Components/vl53l1x_uld/VL53L1X_api.d" -MT"Drivers/BSP/Components/vl53l1x_uld/VL53L1X_api.o" --specs=nano.specs -mfloat-abi=soft -mthumb -o "Drivers/BSP/Components/vl53l1x_uld/VL53L1X_api.o"
arm-none-eabi-gcc "../Drivers/BSP/Components/vl53l1x_uld/VL53L1X_calibration.c" -mcpu=cortex-m3 -std=gnu11 -g3 -DDEBUG -DUSE_HAL_DRIVER -DSTM32F103xB -c -I../Core/Inc -I../Drivers/STM32F1xx_HAL_Driver/Inc/Legacy -I../Drivers/STM32F1xx_HAL_Driver/Inc -I../Drivers/CMSIS/Device/ST/STM32F1xx/Include -I../Drivers/CMSIS/Include -I"/Users/changdennis/Drive/Engineering/Projects/Robot-Sumo/Software/Tests/VL53l1x-Test/Drivers/BSP" -I"/Users/changdennis/Drive/Engineering/Projects/Robot-Sumo/Software/Tests/VL53l1x-Test/Core" -I"/Users/changdennis/Drive/Engineering/Projects/Robot-Sumo/Software/Tests/VL53l1x-Test/Drivers/BSP/Components/vl53l1x_uld" -O0 -ffunction-sections -fdata-sections -Wall -fstack-usage -MMD -MP -MF"Drivers/BSP/Components/vl53l1x_uld/VL53L1X_calibration.d" -MT"Drivers/BSP/Components/vl53l1x_uld/VL53L1X_calibration.o" --specs=nano.specs -mfloat-abi=soft -mthumb -o "Drivers/BSP/Components/vl53l1x_uld/VL53L1X_calibration.o"
arm-none-eabi-gcc "../Core/Src/main.c" -mcpu=cortex-m3 -std=gnu11 -g3 -DDEBUG -DUSE_HAL_DRIVER -DSTM32F103xB -c -I../Core/Inc -I../Drivers/STM32F1xx_HAL_Driver/Inc/Legacy -I../Drivers/STM32F1xx_HAL_Driver/Inc -I../Drivers/CMSIS/Device/ST/STM32F1xx/Include -I../Drivers/CMSIS/Include -I"/Users/changdennis/Drive/Engineering/Projects/Robot-Sumo/Software/Tests/VL53l1x-Test/Drivers/BSP" -I"/Users/changdennis/Drive/Engineering/Projects/Robot-Sumo/Software/Tests/VL53l1x-Test/Core" -I"/Users/changdennis/Drive/Engineering/Projects/Robot-Sumo/Software/Tests/VL53l1x-Test/Drivers/BSP/Components/vl53l1x_uld" -O0 -ffunction-sections -fdata-sections -Wall -fstack-usage -MMD -MP -MF"Core/Src/main.d" -MT"Core/Src/main.o" --specs=nano.specs -mfloat-abi=soft -mthumb -o "Core/Src/main.o"
arm-none-eabi-gcc "../Core/Src/stm32f1xx_hal_msp.c" -mcpu=cortex-m3 -std=gnu11 -g3 -DDEBUG -DUSE_HAL_DRIVER -DSTM32F103xB -c -I../Core/Inc -I../Drivers/STM32F1xx_HAL_Driver/Inc/Legacy -I../Drivers/STM32F1xx_HAL_Driver/Inc -I../Drivers/CMSIS/Device/ST/STM32F1xx/Include -I../Drivers/CMSIS/Include -I"/Users/changdennis/Drive/Engineering/Projects/Robot-Sumo/Software/Tests/VL53l1x-Test/Drivers/BSP" -I"/Users/changdennis/Drive/Engineering/Projects/Robot-Sumo/Software/Tests/VL53l1x-Test/Core" -I"/Users/changdennis/Drive/Engineering/Projects/Robot-Sumo/Software/Tests/VL53l1x-Test/Drivers/BSP/Components/vl53l1x_uld" -O0 -ffunction-sections -fdata-sections -Wall -fstack-usage -MMD -MP -MF"Core/Src/stm32f1xx_hal_msp.d" -MT"Core/Src/stm32f1xx_hal_msp.o" --specs=nano.specs -mfloat-abi=soft -mthumb -o "Core/Src/stm32f1xx_hal_msp.o"
arm-none-eabi-gcc "../Core/Src/stm32f1xx_it.c" -mcpu=cortex-m3 -std=gnu11 -g3 -DDEBUG -DUSE_HAL_DRIVER -DSTM32F103xB -c -I../Core/Inc -I../Drivers/STM32F1xx_HAL_Driver/Inc/Legacy -I../Drivers/STM32F1xx_HAL_Driver/Inc -I../Drivers/CMSIS/Device/ST/STM32F1xx/Include -I../Drivers/CMSIS/Include -I"/Users/changdennis/Drive/Engineering/Projects/Robot-Sumo/Software/Tests/VL53l1x-Test/Drivers/BSP" -I"/Users/changdennis/Drive/Engineering/Projects/Robot-Sumo/Software/Tests/VL53l1x-Test/Core" -I"/Users/changdennis/Drive/Engineering/Projects/Robot-Sumo/Software/Tests/VL53l1x-Test/Drivers/BSP/Components/vl53l1x_uld" -O0 -ffunction-sections -fdata-sections -Wall -fstack-usage -MMD -MP -MF"Core/Src/stm32f1xx_it.d" -MT"Core/Src/stm32f1xx_it.o" --specs=nano.specs -mfloat-abi=soft -mthumb -o "Core/Src/stm32f1xx_it.o"
arm-none-eabi-gcc "../Core/Src/system_stm32f1xx.c" -mcpu=cortex-m3 -std=gnu11 -g3 -DDEBUG -DUSE_HAL_DRIVER -DSTM32F103xB -c -I../Core/Inc -I../Drivers/STM32F1xx_HAL_Driver/Inc/Legacy -I../Drivers/STM32F1xx_HAL_Driver/Inc -I../Drivers/CMSIS/Device/ST/STM32F1xx/Include -I../Drivers/CMSIS/Include -I"/Users/changdennis/Drive/Engineering/Projects/Robot-Sumo/Software/Tests/VL53l1x-Test/Drivers/BSP" -I"/Users/changdennis/Drive/Engineering/Projects/Robot-Sumo/Software/Tests/VL53l1x-Test/Core" -I"/Users/changdennis/Drive/Engineering/Projects/Robot-Sumo/Software/Tests/VL53l1x-Test/Drivers/BSP/Components/vl53l1x_uld" -O0 -ffunction-sections -fdata-sections -Wall -fstack-usage -MMD -MP -MF"Core/Src/system_stm32f1xx.d" -MT"Core/Src/system_stm32f1xx.o" --specs=nano.specs -mfloat-abi=soft -mthumb -o "Core/Src/system_stm32f1xx.o"
arm-none-eabi-gcc "../Core/Src/vl53l1_platform.c" -mcpu=cortex-m3 -std=gnu11 -g3 -DDEBUG -DUSE_HAL_DRIVER -DSTM32F103xB -c -I../Core/Inc -I../Drivers/STM32F1xx_HAL_Driver/Inc/Legacy -I../Drivers/STM32F1xx_HAL_Driver/Inc -I../Drivers/CMSIS/Device/ST/STM32F1xx/Include -I../Drivers/CMSIS/Include -I"/Users/changdennis/Drive/Engineering/Projects/Robot-Sumo/Software/Tests/VL53l1x-Test/Drivers/BSP" -I"/Users/changdennis/Drive/Engineering/Projects/Robot-Sumo/Software/Tests/VL53l1x-Test/Core" -I"/Users/changdennis/Drive/Engineering/Projects/Robot-Sumo/Software/Tests/VL53l1x-Test/Drivers/BSP/Components/vl53l1x_uld" -O0 -ffunction-sections -fdata-sections -Wall -fstack-usage -MMD -MP -MF"Core/Src/vl53l1_platform.d" -MT"Core/Src/vl53l1_platform.o" --specs=nano.specs -mfloat-abi=soft -mthumb -o "Core/Src/vl53l1_platform.o"
../Core/Src/main.c:50:19: error: 'SensorNumber' undeclared here (not in a function)
   50 | VL53L1_Dev_t devs[SensorNumber];
      |                   ^~~~~~~~~~~~
make: *** [Core/Src/subdir.mk:37: Core/Src/main.o] Error 1
make: *** Waiting for unfinished jobs....
"make -j11 all" terminated with exit code 2. Build might be incomplete.
17:36:51 **** Incremental Build of configuration Debug for project VL53l1x-Test ****
make -j11 all 
arm-none-eabi-gcc "../Core/Src/main.c" -mcpu=cortex-m3 -std=gnu11 -g3 -DDEBUG -DUSE_HAL_DRIVER -DSTM32F103xB -c -I../Core/Inc -I../Drivers/STM32F1xx_HAL_Driver/Inc/Legacy -I../Drivers/STM32F1xx_HAL_Driver/Inc -I../Drivers/CMSIS/Device/ST/STM32F1xx/Include -I../Drivers/CMSIS/Include -I"/Users/changdennis/Drive/Engineering/Projects/Robot-Sumo/Software/Tests/VL53l1x-Test/Drivers/BSP" -I"/Users/changdennis/Drive/Engineering/Projects/Robot-Sumo/Software/Tests/VL53l1x-Test/Core" -I"/Users/changdennis/Drive/Engineering/Projects/Robot-Sumo/Software/Tests/VL53l1x-Test/Drivers/BSP/Components/vl53l1x_uld" -O0 -ffunction-sections -fdata-sections -Wall -fstack-usage -MMD -MP -MF"Core/Src/main.d" -MT"Core/Src/main.o" --specs=nano.specs -mfloat-abi=soft -mthumb -o "Core/Src/main.o"
../Core/Src/main.c:50:19: error: 'SensorNumber' undeclared here (not in a function)
   50 | VL53L1_Dev_t devs[SensorNumber];
      |                   ^~~~~~~~~~~~
make: *** [Core/Src/subdir.mk:37: Core/Src/main.o] Error 1
"make -j11 all" terminated with exit code 2. Build might be incomplete.
17:37:18 **** Incremental Build of configuration Debug for project VL53l1x-Test ****
make -j11 all 
arm-none-eabi-gcc "../Core/Src/main.c" -mcpu=cortex-m3 -std=gnu11 -g3 -DDEBUG -DUSE_HAL_DRIVER -DSTM32F103xB -c -I../Core/Inc -I../Drivers/STM32F1xx_HAL_Driver/Inc/Legacy -I../Drivers/STM32F1xx_HAL_Driver/Inc -I../Drivers/CMSIS/Device/ST/STM32F1xx/Include -I../Drivers/CMSIS/Include -I"/Users/changdennis/Drive/Engineering/Projects/Robot-Sumo/Software/Tests/VL53l1x-Test/Drivers/BSP" -I"/Users/changdennis/Drive/Engineering/Projects/Robot-Sumo/Software/Tests/VL53l1x-Test/Core" -I"/Users/changdennis/Drive/Engineering/Projects/Robot-Sumo/Software/Tests/VL53l1x-Test/Drivers/BSP/Components/vl53l1x_uld" -O0 -ffunction-sections -fdata-sections -Wall -fstack-usage -MMD -MP -MF"Core/Src/main.d" -MT"Core/Src/main.o" --specs=nano.specs -mfloat-abi=soft -mthumb -o "Core/Src/main.o"
arm-none-eabi-gcc -o "VL53l1x-Test.elf" @"objects.list"   -mcpu=cortex-m3 -T"/Users/changdennis/Drive/Engineering/Projects/Robot-Sumo/Software/Tests/VL53l1x-Test/STM32F103C8TX_FLASH.ld" --specs=nosys.specs -Wl,-Map="VL53l1x-Test.map" -Wl,--gc-sections -static --specs=nano.specs -mfloat-abi=soft -mthumb -Wl,--start-group -lc -lm -Wl,--end-group
Finished building target: VL53l1x-Test.elf
 
arm-none-eabi-size   VL53l1x-Test.elf 
arm-none-eabi-objdump -h -S  VL53l1x-Test.elf  > "VL53l1x-Test.list"
Finished building: VL53l1x-Test.list
 
   text	   data	    bss	    dec	    hex	filename
  18644	    124	   2060	  20828	   515c	VL53l1x-Test.elf
Finished building: default.size.stdout
 
17:40:15 **** Incremental Build of configuration Debug for project VL53l1x-Test ****
make -j11 all 
arm-none-eabi-gcc "../Core/Src/main.c" -mcpu=cortex-m3 -std=gnu11 -g3 -DDEBUG -DUSE_HAL_DRIVER -DSTM32F103xB -c -I../Core/Inc -I../Drivers/STM32F1xx_HAL_Driver/Inc/Legacy -I../Drivers/STM32F1xx_HAL_Driver/Inc -I../Drivers/CMSIS/Device/ST/STM32F1xx/Include -I../Drivers/CMSIS/Include -I"/Users/changdennis/Drive/Engineering/Projects/Robot-Sumo/Software/Tests/VL53l1x-Test/Drivers/BSP" -I"/Users/changdennis/Drive/Engineering/Projects/Robot-Sumo/Software/Tests/VL53l1x-Test/Core" -I"/Users/changdennis/Drive/Engineering/Projects/Robot-Sumo/Software/Tests/VL53l1x-Test/Drivers/BSP/Components/vl53l1x_uld" -O0 -ffunction-sections -fdata-sections -Wall -fstack-usage -MMD -MP -MF"Core/Src/main.d" -MT"Core/Src/main.o" --specs=nano.specs -mfloat-abi=soft -mthumb -o "Core/Src/main.o"
../Core/Src/main.c:52:50: warning: excess elements in array initializer
   52 | uint8_t  DevicesAddresses[SensorNumber] = {0x00, 0x02};
      |                                                  ^~~~
../Core/Src/main.c:52:50: note: (near initialization for 'DevicesAddresses')
arm-none-eabi-gcc -o "VL53l1x-Test.elf" @"objects.list"   -mcpu=cortex-m3 -T"/Users/changdennis/Drive/Engineering/Projects/Robot-Sumo/Software/Tests/VL53l1x-Test/STM32F103C8TX_FLASH.ld" --specs=nosys.specs -Wl,-Map="VL53l1x-Test.map" -Wl,--gc-sections -static --specs=nano.specs -mfloat-abi=soft -mthumb -Wl,--start-group -lc -lm -Wl,--end-group
Finished building target: VL53l1x-Test.elf
 
arm-none-eabi-size   VL53l1x-Test.elf 
arm-none-eabi-objdump -h -S  VL53l1x-Test.elf  > "VL53l1x-Test.list"
   text	   data	    bss	    dec	    hex	filename
  18560	    120	   2040	  20720	   50f0	VL53l1x-Test.elf
Finished building: default.size.stdout
 
Finished building: VL53l1x-Test.list
 
17:40:41 **** Incremental Build of configuration Debug for project VL53l1x-Test ****
make -j11 all 
arm-none-eabi-gcc "../Core/Src/main.c" -mcpu=cortex-m3 -std=gnu11 -g3 -DDEBUG -DUSE_HAL_DRIVER -DSTM32F103xB -c -I../Core/Inc -I../Drivers/STM32F1xx_HAL_Driver/Inc/Legacy -I../Drivers/STM32F1xx_HAL_Driver/Inc -I../Drivers/CMSIS/Device/ST/STM32F1xx/Include -I../Drivers/CMSIS/Include -I"/Users/changdennis/Drive/Engineering/Projects/Robot-Sumo/Software/Tests/VL53l1x-Test/Drivers/BSP" -I"/Users/changdennis/Drive/Engineering/Projects/Robot-Sumo/Software/Tests/VL53l1x-Test/Core" -I"/Users/changdennis/Drive/Engineering/Projects/Robot-Sumo/Software/Tests/VL53l1x-Test/Drivers/BSP/Components/vl53l1x_uld" -O0 -ffunction-sections -fdata-sections -Wall -fstack-usage -MMD -MP -MF"Core/Src/main.d" -MT"Core/Src/main.o" --specs=nano.specs -mfloat-abi=soft -mthumb -o "Core/Src/main.o"
../Core/Src/main.c:52:50: warning: excess elements in array initializer
   52 | uint8_t  DevicesAddresses[SensorNumber] = {0x00, 0x02};
      |                                                  ^~~~
../Core/Src/main.c:52:50: note: (near initialization for 'DevicesAddresses')
../Core/Src/main.c: In function 'main':
../Core/Src/main.c:213:5: warning: implicit declaration of function 'prinft'; did you mean 'printf'? [-Wimplicit-function-declaration]
  213 |     prinft("\n\r")
      |     ^~~~~~
      |     printf
../Core/Src/main.c:213:19: error: expected ';' before '}' token
  213 |     prinft("\n\r")
      |                   ^
      |                   ;
  214 |  }
      |  ~                 
make: *** [Core/Src/subdir.mk:37: Core/Src/main.o] Error 1
"make -j11 all" terminated with exit code 2. Build might be incomplete.
17:40:49 **** Incremental Build of configuration Debug for project VL53l1x-Test ****
make -j11 all 
arm-none-eabi-gcc "../Core/Src/main.c" -mcpu=cortex-m3 -std=gnu11 -g3 -DDEBUG -DUSE_HAL_DRIVER -DSTM32F103xB -c -I../Core/Inc -I../Drivers/STM32F1xx_HAL_Driver/Inc/Legacy -I../Drivers/STM32F1xx_HAL_Driver/Inc -I../Drivers/CMSIS/Device/ST/STM32F1xx/Include -I../Drivers/CMSIS/Include -I"/Users/changdennis/Drive/Engineering/Projects/Robot-Sumo/Software/Tests/VL53l1x-Test/Drivers/BSP" -I"/Users/changdennis/Drive/Engineering/Projects/Robot-Sumo/Software/Tests/VL53l1x-Test/Core" -I"/Users/changdennis/Drive/Engineering/Projects/Robot-Sumo/Software/Tests/VL53l1x-Test/Drivers/BSP/Components/vl53l1x_uld" -O0 -ffunction-sections -fdata-sections -Wall -fstack-usage -MMD -MP -MF"Core/Src/main.d" -MT"Core/Src/main.o" --specs=nano.specs -mfloat-abi=soft -mthumb -o "Core/Src/main.o"
../Core/Src/main.c:52:50: warning: excess elements in array initializer
   52 | uint8_t  DevicesAddresses[SensorNumber] = {0x00, 0x02};
      |                                                  ^~~~
../Core/Src/main.c:52:50: note: (near initialization for 'DevicesAddresses')
../Core/Src/main.c: In function 'main':
../Core/Src/main.c:213:5: warning: implicit declaration of function 'prinft'; did you mean 'printf'? [-Wimplicit-function-declaration]
  213 |     prinft("\n\r");
      |     ^~~~~~
      |     printf
arm-none-eabi-gcc -o "VL53l1x-Test.elf" @"objects.list"   -mcpu=cortex-m3 -T"/Users/changdennis/Drive/Engineering/Projects/Robot-Sumo/Software/Tests/VL53l1x-Test/STM32F103C8TX_FLASH.ld" --specs=nosys.specs -Wl,-Map="VL53l1x-Test.map" -Wl,--gc-sections -static --specs=nano.specs -mfloat-abi=soft -mthumb -Wl,--start-group -lc -lm -Wl,--end-group
/Applications/STM32CubeIDE.app/Contents/Eclipse/plugins/com.st.stm32cube.ide.mcu.externaltools.gnu-tools-for-stm32.10.3-2021.10.macos64_1.0.100.202210260954/tools/bin/../lib/gcc/arm-none-eabi/10.3.1/../../../../arm-none-eabi/bin/ld: ./Core/Src/main.o: in function `main':
/Users/changdennis/Drive/Engineering/Projects/Robot-Sumo/Software/Tests/VL53l1x-Test/Debug/../Core/Src/main.c:213: undefined reference to `prinft'
collect2: error: ld returned 1 exit status
make: *** [makefile:65: VL53l1x-Test.elf] Error 1
"make -j11 all" terminated with exit code 2. Build might be incomplete.
17:40:56 **** Incremental Build of configuration Debug for project VL53l1x-Test ****
make -j11 all 
arm-none-eabi-gcc "../Core/Src/main.c" -mcpu=cortex-m3 -std=gnu11 -g3 -DDEBUG -DUSE_HAL_DRIVER -DSTM32F103xB -c -I../Core/Inc -I../Drivers/STM32F1xx_HAL_Driver/Inc/Legacy -I../Drivers/STM32F1xx_HAL_Driver/Inc -I../Drivers/CMSIS/Device/ST/STM32F1xx/Include -I../Drivers/CMSIS/Include -I"/Users/changdennis/Drive/Engineering/Projects/Robot-Sumo/Software/Tests/VL53l1x-Test/Drivers/BSP" -I"/Users/changdennis/Drive/Engineering/Projects/Robot-Sumo/Software/Tests/VL53l1x-Test/Core" -I"/Users/changdennis/Drive/Engineering/Projects/Robot-Sumo/Software/Tests/VL53l1x-Test/Drivers/BSP/Components/vl53l1x_uld" -O0 -ffunction-sections -fdata-sections -Wall -fstack-usage -MMD -MP -MF"Core/Src/main.d" -MT"Core/Src/main.o" --specs=nano.specs -mfloat-abi=soft -mthumb -o "Core/Src/main.o"
../Core/Src/main.c:52:50: warning: excess elements in array initializer
   52 | uint8_t  DevicesAddresses[SensorNumber] = {0x00, 0x02};
      |                                                  ^~~~
../Core/Src/main.c:52:50: note: (near initialization for 'DevicesAddresses')
arm-none-eabi-gcc -o "VL53l1x-Test.elf" @"objects.list"   -mcpu=cortex-m3 -T"/Users/changdennis/Drive/Engineering/Projects/Robot-Sumo/Software/Tests/VL53l1x-Test/STM32F103C8TX_FLASH.ld" --specs=nosys.specs -Wl,-Map="VL53l1x-Test.map" -Wl,--gc-sections -static --specs=nano.specs -mfloat-abi=soft -mthumb -Wl,--start-group -lc -lm -Wl,--end-group
Finished building target: VL53l1x-Test.elf
 
arm-none-eabi-size   VL53l1x-Test.elf 
arm-none-eabi-objdump -h -S  VL53l1x-Test.elf  > "VL53l1x-Test.list"
   text	   data	    bss	    dec	    hex	filename
  18576	    120	   2040	  20736	   5100	VL53l1x-Test.elf
Finished building: default.size.stdout
 
Finished building: VL53l1x-Test.list
 
17:43:24 **** Incremental Build of configuration Debug for project VL53l1x-Test ****
make -j11 all 
arm-none-eabi-gcc "../Core/Src/main.c" -mcpu=cortex-m3 -std=gnu11 -g3 -DDEBUG -DUSE_HAL_DRIVER -DSTM32F103xB -c -I../Core/Inc -I../Drivers/STM32F1xx_HAL_Driver/Inc/Legacy -I../Drivers/STM32F1xx_HAL_Driver/Inc -I../Drivers/CMSIS/Device/ST/STM32F1xx/Include -I../Drivers/CMSIS/Include -I"/Users/changdennis/Drive/Engineering/Projects/Robot-Sumo/Software/Tests/VL53l1x-Test/Drivers/BSP" -I"/Users/changdennis/Drive/Engineering/Projects/Robot-Sumo/Software/Tests/VL53l1x-Test/Core" -I"/Users/changdennis/Drive/Engineering/Projects/Robot-Sumo/Software/Tests/VL53l1x-Test/Drivers/BSP/Components/vl53l1x_uld" -O0 -ffunction-sections -fdata-sections -Wall -fstack-usage -MMD -MP -MF"Core/Src/main.d" -MT"Core/Src/main.o" --specs=nano.specs -mfloat-abi=soft -mthumb -o "Core/Src/main.o"
../Core/Src/main.c:52:50: warning: excess elements in array initializer
   52 | uint8_t  DevicesAddresses[SensorNumber] = {0x50, 0x02};
      |                                                  ^~~~
../Core/Src/main.c:52:50: note: (near initialization for 'DevicesAddresses')
arm-none-eabi-gcc -o "VL53l1x-Test.elf" @"objects.list"   -mcpu=cortex-m3 -T"/Users/changdennis/Drive/Engineering/Projects/Robot-Sumo/Software/Tests/VL53l1x-Test/STM32F103C8TX_FLASH.ld" --specs=nosys.specs -Wl,-Map="VL53l1x-Test.map" -Wl,--gc-sections -static --specs=nano.specs -mfloat-abi=soft -mthumb -Wl,--start-group -lc -lm -Wl,--end-group
Finished building target: VL53l1x-Test.elf
 
arm-none-eabi-size   VL53l1x-Test.elf 
arm-none-eabi-objdump -h -S  VL53l1x-Test.elf  > "VL53l1x-Test.list"
   text	   data	    bss	    dec	    hex	filename
  18576	    124	   2036	  20736	   5100	VL53l1x-Test.elf
Finished building: default.size.stdout
 
Finished building: VL53l1x-Test.list
 
17:46:52 **** Incremental Build of configuration Debug for project VL53l1x-Test ****
make -j11 all 
arm-none-eabi-gcc "../Core/Src/main.c" -mcpu=cortex-m3 -std=gnu11 -g3 -DDEBUG -DUSE_HAL_DRIVER -DSTM32F103xB -c -I../Core/Inc -I../Drivers/STM32F1xx_HAL_Driver/Inc/Legacy -I../Drivers/STM32F1xx_HAL_Driver/Inc -I../Drivers/CMSIS/Device/ST/STM32F1xx/Include -I../Drivers/CMSIS/Include -I"/Users/changdennis/Drive/Engineering/Projects/Robot-Sumo/Software/Tests/VL53l1x-Test/Drivers/BSP" -I"/Users/changdennis/Drive/Engineering/Projects/Robot-Sumo/Software/Tests/VL53l1x-Test/Core" -I"/Users/changdennis/Drive/Engineering/Projects/Robot-Sumo/Software/Tests/VL53l1x-Test/Drivers/BSP/Components/vl53l1x_uld" -O0 -ffunction-sections -fdata-sections -Wall -fstack-usage -MMD -MP -MF"Core/Src/main.d" -MT"Core/Src/main.o" --specs=nano.specs -mfloat-abi=soft -mthumb -o "Core/Src/main.o"
../Core/Src/main.c:52:50: warning: excess elements in array initializer
   52 | uint8_t  DevicesAddresses[SensorNumber] = {0x50, 0x02};
      |                                                  ^~~~
../Core/Src/main.c:52:50: note: (near initialization for 'DevicesAddresses')
arm-none-eabi-gcc -o "VL53l1x-Test.elf" @"objects.list"   -mcpu=cortex-m3 -T"/Users/changdennis/Drive/Engineering/Projects/Robot-Sumo/Software/Tests/VL53l1x-Test/STM32F103C8TX_FLASH.ld" --specs=nosys.specs -Wl,-Map="VL53l1x-Test.map" -Wl,--gc-sections -static --specs=nano.specs -mfloat-abi=soft -mthumb -Wl,--start-group -lc -lm -Wl,--end-group
Finished building target: VL53l1x-Test.elf
 
arm-none-eabi-size   VL53l1x-Test.elf 
arm-none-eabi-objdump -h -S  VL53l1x-Test.elf  > "VL53l1x-Test.list"
   text	   data	    bss	    dec	    hex	filename
  18576	    124	   2036	  20736	   5100	VL53l1x-Test.elf
Finished building: default.size.stdout
 
Finished building: VL53l1x-Test.list
 
17:55:12 **** Incremental Build of configuration Debug for project VL53l1x-Test ****
make -j11 all 
arm-none-eabi-gcc "../Core/Src/main.c" -mcpu=cortex-m3 -std=gnu11 -g3 -DDEBUG -DUSE_HAL_DRIVER -DSTM32F103xB -c -I../Core/Inc -I../Drivers/STM32F1xx_HAL_Driver/Inc/Legacy -I../Drivers/STM32F1xx_HAL_Driver/Inc -I../Drivers/CMSIS/Device/ST/STM32F1xx/Include -I../Drivers/CMSIS/Include -I"/Users/changdennis/Drive/Engineering/Projects/Robot-Sumo/Software/Tests/VL53l1x-Test/Drivers/BSP" -I"/Users/changdennis/Drive/Engineering/Projects/Robot-Sumo/Software/Tests/VL53l1x-Test/Core" -I"/Users/changdennis/Drive/Engineering/Projects/Robot-Sumo/Software/Tests/VL53l1x-Test/Drivers/BSP/Components/vl53l1x_uld" -O0 -ffunction-sections -fdata-sections -Wall -fstack-usage -MMD -MP -MF"Core/Src/main.d" -MT"Core/Src/main.o" --specs=nano.specs -mfloat-abi=soft -mthumb -o "Core/Src/main.o"
../Core/Src/main.c:52:50: warning: excess elements in array initializer
   52 | uint8_t  DevicesAddresses[SensorNumber] = {0x50, 0x02};
      |                                                  ^~~~
../Core/Src/main.c:52:50: note: (near initialization for 'DevicesAddresses')
arm-none-eabi-gcc -o "VL53l1x-Test.elf" @"objects.list"   -mcpu=cortex-m3 -T"/Users/changdennis/Drive/Engineering/Projects/Robot-Sumo/Software/Tests/VL53l1x-Test/STM32F103C8TX_FLASH.ld" --specs=nosys.specs -Wl,-Map="VL53l1x-Test.map" -Wl,--gc-sections -static --specs=nano.specs -mfloat-abi=soft -mthumb -Wl,--start-group -lc -lm -Wl,--end-group
Finished building target: VL53l1x-Test.elf
 
arm-none-eabi-size   VL53l1x-Test.elf 
arm-none-eabi-objdump -h -S  VL53l1x-Test.elf  > "VL53l1x-Test.list"
   text	   data	    bss	    dec	    hex	filename
  18604	    124	   2036	  20764	   511c	VL53l1x-Test.elf
Finished building: default.size.stdout
 
Finished building: VL53l1x-Test.list
 
18:04:49 **** Incremental Build of configuration Debug for project VL53l1x-Test ****
make -j11 all 
arm-none-eabi-gcc "../Core/Src/main.c" -mcpu=cortex-m3 -std=gnu11 -g3 -DDEBUG -DUSE_HAL_DRIVER -DSTM32F103xB -c -I../Core/Inc -I../Drivers/STM32F1xx_HAL_Driver/Inc/Legacy -I../Drivers/STM32F1xx_HAL_Driver/Inc -I../Drivers/CMSIS/Device/ST/STM32F1xx/Include -I../Drivers/CMSIS/Include -I"/Users/changdennis/Drive/Engineering/Projects/Robot-Sumo/Software/Tests/VL53l1x-Test/Drivers/BSP" -I"/Users/changdennis/Drive/Engineering/Projects/Robot-Sumo/Software/Tests/VL53l1x-Test/Core" -I"/Users/changdennis/Drive/Engineering/Projects/Robot-Sumo/Software/Tests/VL53l1x-Test/Drivers/BSP/Components/vl53l1x_uld" -O0 -ffunction-sections -fdata-sections -Wall -fstack-usage -MMD -MP -MF"Core/Src/main.d" -MT"Core/Src/main.o" --specs=nano.specs -mfloat-abi=soft -mthumb -o "Core/Src/main.o"
../Core/Src/main.c:52:50: warning: excess elements in array initializer
   52 | uint8_t  DevicesAddresses[SensorNumber] = {0x50, 0x02};
      |                                                  ^~~~
../Core/Src/main.c:52:50: note: (near initialization for 'DevicesAddresses')
arm-none-eabi-gcc -o "VL53l1x-Test.elf" @"objects.list"   -mcpu=cortex-m3 -T"/Users/changdennis/Drive/Engineering/Projects/Robot-Sumo/Software/Tests/VL53l1x-Test/STM32F103C8TX_FLASH.ld" --specs=nosys.specs -Wl,-Map="VL53l1x-Test.map" -Wl,--gc-sections -static --specs=nano.specs -mfloat-abi=soft -mthumb -Wl,--start-group -lc -lm -Wl,--end-group
Finished building target: VL53l1x-Test.elf
 
arm-none-eabi-size   VL53l1x-Test.elf 
arm-none-eabi-objdump -h -S  VL53l1x-Test.elf  > "VL53l1x-Test.list"
   text	   data	    bss	    dec	    hex	filename
  18576	    124	   2036	  20736	   5100	VL53l1x-Test.elf
Finished building: default.size.stdout
 
Finished building: VL53l1x-Test.list
 
